# 类型大小

`Sized trait` 是 `std::marker` 模块中的四大特殊 `trait` 之一。

&nbsp;

## DST

`DST` 是 `Dynamic Sized Type` 缩写，动态大小类型，表示在**编译阶段无法确定大小的类型**。

&nbsp;

### Array

数组中的元素的占用空间大小是编译器确定的，数组本身所容纳的元素个数必须是编译器确定的。如果需要使用变长的容器，可以使用标准库中的 `Vec/LinkedList` 等，原始数组类型是不支持动态改变大小的。

数组类型的表示方式为 `[T; n]`，`T` 代表元素类型，`n` 代表元素个数。中间用分号隔开。在Rust中，对于两个数组类型，只有元素类型和元素个数都完全相同，这两个数组才是同类型的。

```rust
// 数组实现了 Copy trait

fn modify_array(mut arr: [i32; 5]) {
    arr[0] = 100;
    println!("modified array {:?}", arr);
}

fn main() {
    let xs: [i32; 5] = [1, 2, 3, 4, 5];
    modify_array(xs);
    println!("origin array {:?}", xs);
}
```

&nbsp;

输出结果:

```rust
modified array [100, 2, 3, 4, 5]
origin array [1, 2, 3, 4, 5]
```

```x86asm
; main 函数反汇编

(gdb) p/x $rsp+0x34
$2 = 0x7fffffffe3a4

(gdb) x/5xw 0x7fffffffe3a4
0x7fffffffe3a4:	0x00000001	0x00000002	0x00000003	0x00000004
0x7fffffffe3b4:	0x00000005

(gdb) disassemble
; let xs: [i32; 5] = [1, 2, 3, 4, 5];
   0x0000555555559307 <+7>:	mov    DWORD PTR [rsp+0x20],0x1         ; 将数组元素依次存储到Stack
   0x000055555555930f <+15>:	mov    DWORD PTR [rsp+0x24],0x2
   0x0000555555559317 <+23>:	mov    DWORD PTR [rsp+0x28],0x3
   0x000055555555931f <+31>:	mov    DWORD PTR [rsp+0x2c],0x4
   0x0000555555559327 <+39>:	mov    DWORD PTR [rsp+0x30],0x5

; modify_array(xs);
=> 0x000055555555932f <+47>:	mov    rax,QWORD PTR [rsp+0x20]     ; 数组元素值通过寄存器，再次存储main函数较高stack空间，作为调用其它函数参数
   0x0000555555559334 <+52>:	mov    QWORD PTR [rsp+0x34],rax     ; 数组元素i32 四字节，但内存位移，可按照8字节进行位移
   0x0000555555559339 <+57>:	mov    rax,QWORD PTR [rsp+0x28]
   0x000055555555933e <+62>:	mov    QWORD PTR [rsp+0x3c],rax
   0x0000555555559343 <+67>:	mov    ecx,DWORD PTR [rsp+0x30]
   0x0000555555559347 <+71>:	mov    DWORD PTR [rsp+0x44],ecx
   0x000055555555934b <+75>:	lea    rdi,[rsp+0x34]               ; 使用rdi寄存器进行参数传递
   0x0000555555559350 <+80>:	call   0x555555559270 <ddd::modify_array>
```

```x86asm
; modify_array 反汇编

; 通过rdi寄存器进行参数传递
0x0000555555559274 <+4>:	mov    DWORD PTR [rdi],0x64             ; 使用rdi寄存器进行参数接收，更改数组第一个元素值; arr[0] = 100
0x000055555555927a <+10>:	mov    QWORD PTR [rsp+0x58],rdi         ; 更改完后的数组元素，写入到新的stack空间；确保不影响到调用方(main函数)数组值
0x000055555555927f <+15>:	mov    rax,QWORD PTR [rsp+0x58]
0x0000555555559284 <+20>:	mov    QWORD PTR [rsp+0x60],rax
0x0000555555559289 <+25>:	mov    rdi,rax
0x000055555555928c <+28>:	lea    rsi,[rip+0x18d]        # 0x555555559420 <core::array::<impl core::fmt::Debug for [T; N]>::fmt>

(gdb) p/x $rdi
$4 = 0x7fffffffe3a4
```

&nbsp;

数组 `xs` 作为参数传给一个函数，这个数组并不会退化成一个指针，而是会将这个数组完整拷贝进这个函数。函数体内的数组改变，不会影响到外面的数组。

如果我们把数组的长度改变一下，会发现 `[i32; 4]` 类型的数组和 `[i32; 5]` 类型的数组是不同的类型，不能赋值。

&nbsp;

### 数组切片

对数组 `borrow` 操作，可以生成一个 “数组切片”。数组切片对数组没有“所有权”，我们可以把数组切片看做是专门用于指向数组的指针，是对数组的另外一个“视图”。

比如，我们有一个数组`[T; n]`，它的借用指针的类型就是`&[T; n]`，它可以通过编译器内部魔法，转换为数组切片类型`&[T]`。数组切片实质上还是指针，它不过是在类型系统中丢弃了编译阶段定长数组类型的长度信息，而将此长度信息存储为运行期的值。

```rust
fn mut_array(a: &mut [i32]) {
    a[2] = 5;
    println!("len {}", a.len());
}

fn main() {
    let mut v: [i32; 3] = [1, 2, 3];
    {
        let s: &mut[i32; 3] = &mut v;
        mut_array(s);
    }
    println!("{:?}", v);
}
```

&nbsp;

变量 `v` 是 `[i32; 3]` 类型，变量 `s` 是 `&mut [i32; 3]` 类型。它可以自动转换为 `&mut [i32]` 数组切片类型传入函数mut_array。在函数内部，通过这个指针，修改了外部的数组v的值。而且我们可以看到，这个 `&mut [i32]` 类型的指针，它不仅包含了指向数组的地址信息，还包含了指向数组的长度信息。

那它是怎么实现的呢？原因就在于 `&mut [i32; 3]` 和 `&mut [i32]` 的内部表示是有区别的。

`&mut [i32; 3]` 这种指针，就是普通指针，数组长度信息是编译期确定的。

`&mut [i32]` 这种指针，是“胖指针（fat pointer）”，它既可以指向 `[i32; 3]`，也可以指向 `[i32; 4]`，还能指向一个数组的某一个部分。

```x86asm
; mut_array 函数数组切片参数传递

(gdb) info args
a = &mut [i32] {
  data_ptr: 0x7fffffffe3a4,
  length: 3
}
```

&nbsp;

* 实例：

```rust
use std::mem::transmute;
use std::mem::size_of;

fn main() {

    println!("{:?}", size_of::<&[i32; 3]>());
    println!("{:?}", size_of::<&[i32]>());

    let v : [i32; 5] = [1,2,3,4,5];
    let p : &[i32] = &v[2..4];
    unsafe {
        let (ptr, len) : (usize, isize) = transmute(p);     // transmute 强制类型转换
        println!("{} {}", ptr, len);

        let ptr = ptr as *const i32;
        for i in 0..len {
            println!("{}", *ptr.offset(i));                 // 通过内存访问数组切片元素
        }
    }
}
```

&nbsp;

### Sized

为什么Rust编译器会把 `&[i32]` 这种类型的指针当成胖指针处理呢？因为在Rust眼里，`[i32]` 也是一个合理的类型。它代表由 `i32` 类型组成的数组，然而长度在编译阶段不确定。对于编译阶段大小不定的类型，Rust将其称之为 **Dynamic Sized Type**。我们不能直接声明 DST 类型的变量绑定，因为编译器根本没办法知道，怎么为它分配内存。但是，指向这种类型的指针是可以存在的，因为指针的大小是固定的。

Rust中有一个重要的 `trait Sized`，可以用于区分一个类型是不是 DST。所有的 DST 类型都不满足 `Sized` 约束。我们可以在泛型约束中使用 `Sized`、`!Sized`、`?Sized` 三种写法:

* `T:Sized`: 代表类型必须是编译期**确定**大小的
* `T:!Sized`: 代表类型必须是编译期**不确定**大小的
* `T:?Sized`: 代表以上两种情况都可以

在泛型代码中，泛型类型参数默认携带了 `Sized` 约束，因为这是最普通最常见的情况。如果希望这个泛型参数也可以支持 DST 类型，那么就应该为它专门加上 `?sized` 约束。

```rust
use std::fmt::Debug;

fn call<T>(p : &T) where T:Debug
{
    println!("{:?}", p);
}

fn main() {
    let x : &[i32] = &[1,2,3,4];
    call(x);
}
```

```rust
error[E0277]: the size for values of type `[i32]` cannot be known at compilation time
  --> src/main.rs:10:10
   |
3  | fn call<T>(p : &T) where T:Debug
   |         - required by this bound in `call`
...
10 |     call(x);
   |          ^ doesn't have a size known at compile-time
   |
   = help: the trait `Sized` is not implemented for `[i32]`
help: consider relaxing the implicit `Sized` restriction
```

以上语法，等同于默认有一个 `T:Sized` 约束。当参数是 `&[i32]` 类型的时候，编译器推理出来泛型参数是 `[i32]`，不符合 Sized约束，就会报错。可以机上`T:?Sized` 约束。

```rust
use std::fmt::Debug;

fn call<T: ?Sized>(p : &T) where T: Debug
{
    println!("{:?}", p);
}

fn main() {
    let x : &[i32] = &[1,2,3,4];
    call(x);
}
```

&nbsp;

直接在语言中加入对DST的支持是有好处的。虽然这种类型无法直接实例化，但是可以被用在 `impl` 块，以及泛型代码中。比如，我们可以为 `[i32]` 类型 `impl` 一个 `trait` 。再比如， `Rc<[i32]>` 也是一个合法的类型。我们为 `[i32]` 类型添加的方法，自然而然就可以被 `Rc<[i32]>` 使用。

Rust中的 `str` 类型也是一种典型的 DST 类型。它跟不定长数组是一样的，它内部就是一个u8类型的不定长数组。`&str`也是一个胖指针，跟数组切片一摸一样。

还有一种常见的DST类型就是 `trait`。`trait` 仅仅规定了类型需要实现的方法，而对具体类型的大小没有限制，因此实现同一个 `trait` 的具体类型大小是不定的，所以我们不能直接声明 `trait` 类型的变量。同理，把 `trait` 放到指针后面是合法的。此时，指针也是胖指针，其中包含了指向真实数据结构的指针以及指向虚函数表的 vtable 指针。

```x86asm
; str 类型数据结构

type = struct &str {
  data_ptr: *mut u8,
  length: usize,
}
```

&nbsp;

## ZST

Rust 还支持 0 大小类型(Zero Sized Type)。`()`类型和空结构体类型，都是0大小类型。

```rust
use std::mem::size_of;

fn main() {
    println!("{}", size_of::<()>());
    println!("{}", size_of::<[(); 100]>());

    let boxed_unit = Box::new(());
    println!("{:p}", boxed_unit);
}
```

```rust
0
0
0x1
```

&nbsp;

unit类型确实是 0 大小的类型，而且由它组成的数组，也是 0 大小类型。而如果我们为 0 大小的类型申请动态分配内存，我们得到指针指向地址是1。

```rust
use std::mem::size_of;

fn main() {
    println!("{}", size_of::<()>());
    println!("{}", size_of::<[();100]>());

    let boxed_unit = Box::new(());              // 指针指向 0x1
    println!("{:p}", boxed_unit);
}
```

```rust
0
0
0x1
```

&nbsp;

`1` 不可能是内存分配器正常返回的地址，其次，`0` 已经用于表示空指针 `null` 的情况，所以选择另外一个不同的值来表示这种情况。那么这两种“空”有什么区别呢，我们继续用示例说明：

```rust
use std::mem::transmute;

fn main() {
  let x : Box<()> = Box::new(());
  let y : Option<Box<()>> = None;
  let z : Option<Box<()>> = Some(Box::new(()));

  unsafe {
      let value1 : usize = transmute(x);
    let value2 : usize = transmute(y);
    let value3 : usize = transmute(z);  
    println!("{} {} {}", value1, value2, value3);
  }
}
```

&nbsp;

`transmute` 函数是强制类型转换的作用。编译执行，结果为：“1 0 1”。所以，解释起来就是：**非空指针指向 `0` 大小的类型，指向的是地址 `1`；空指针都是指向的是地址 `0`**。
